0 info it worked if it ends with ok
1 verbose cli [ '/usr/local/bin/node', '/usr/local/bin/npm', 'run', 'tsc:w' ]
2 info using npm@3.3.12
3 info using node@v5.3.0
4 verbose run-script [ 'pretsc:w', 'tsc:w', 'posttsc:w' ]
5 info lifecycle angular2-quickstart@0.0.1~pretsc:w: angular2-quickstart@0.0.1
6 silly lifecycle angular2-quickstart@0.0.1~pretsc:w: no script for pretsc:w, continuing
7 info lifecycle angular2-quickstart@0.0.1~tsc:w: angular2-quickstart@0.0.1
8 verbose lifecycle angular2-quickstart@0.0.1~tsc:w: unsafe-perm in lifecycle true
9 verbose lifecycle angular2-quickstart@0.0.1~tsc:w: PATH: /usr/local/lib/node_modules/npm/bin/node-gyp-bin:/Users/joshuabernitt/Angular2-tutorial/node_modules/.bin:/usr/local/lib/node_modules/npm/bin/node-gyp-bin:/Users/joshuabernitt/Angular2-tutorial/node_modules/.bin:/Users/joshuabernitt/.rvm/gems/ruby-2.0.0-p247/bin:/Users/joshuabernitt/.rvm/gems/ruby-2.0.0-p247@global/bin:/Users/joshuabernitt/.rvm/rubies/ruby-2.0.0-p247/bin:/Users/joshuabernitt/.rvm/bin:/usr/local/bin:/usr/bin:/bin:/usr/sbin:/sbin:/opt/X11/bin:/usr/local/go/bin:/usr/local/bin:/usr/local/lib/:/Users/joshuabernitt/.composer/vendor/bin:/Users/joshuabernitt/.meteor
10 verbose lifecycle angular2-quickstart@0.0.1~tsc:w: CWD: /Users/joshuabernitt/Angular2-tutorial
11 silly lifecycle angular2-quickstart@0.0.1~tsc:w: Args: [ '-c', 'tsw -w' ]
12 info lifecycle angular2-quickstart@0.0.1~tsc:w: Failed to exec tsc:w script
13 verbose stack Error: angular2-quickstart@0.0.1 tsc:w: `tsw -w`
13 verbose stack spawn ENOENT
13 verbose stack     at ChildProcess.<anonymous> (/usr/local/lib/node_modules/npm/lib/utils/spawn.js:17:16)
13 verbose stack     at emitTwo (events.js:87:13)
13 verbose stack     at ChildProcess.emit (events.js:172:7)
13 verbose stack     at maybeClose (internal/child_process.js:818:16)
13 verbose stack     at Process.ChildProcess._handle.onexit (internal/child_process.js:211:5)
14 verbose pkgid angular2-quickstart@0.0.1
15 verbose cwd /Users/joshuabernitt/Angular2-tutorial
16 error Darwin 15.2.0
17 error argv "/usr/local/bin/node" "/usr/local/bin/npm" "run" "tsc:w"
18 error node v5.3.0
19 error npm  v3.3.12
20 error file sh
21 error code ELIFECYCLE
22 error errno ENOENT
23 error syscall spawn
24 error angular2-quickstart@0.0.1 tsc:w: `tsw -w`
24 error spawn ENOENT
25 error Failed at the angular2-quickstart@0.0.1 tsc:w script 'tsw -w'.
25 error Make sure you have the latest version of node.js and npm installed.
25 error If you do, this is most likely a problem with the angular2-quickstart package,
25 error not with npm itself.
25 error Tell the author that this fails on your system:
25 error     tsw -w
25 error You can get their info via:
25 error     npm owner ls angular2-quickstart
25 error There is likely additional logging output above.
26 verbose exit [ 1, true ]
